<?xml version="1.0" encoding="UTF-8"?>
<!-- Generated by org.testng.reporters.JUnitXMLReporter -->
<testsuite ignored="0" hostname="IN-C38Z9K3" failures="1" tests="1" name="DocumentRequestActivity" time="5.52" errors="0" timestamp="2023-07-19T20:02:03 IST">
  <testcase classname="HomePageModule.DocumentRequestActivity" name="DocumentRequest" time="4.094">
    <failure type="java.lang.AssertionError" message="expected [Rahul Shetty Academy] but found [Selenium, API Testing, Software Testing &amp;amp; More QA Tutorials | Rahul Shetty Academy]">
      <![CDATA[java.lang.AssertionError: expected [Rahul Shetty Academy] but found [Selenium, API Testing, Software Testing & More QA Tutorials | Rahul Shetty Academy]
at HomePageModule.DocumentRequestActivity.DocumentRequest(DocumentRequestActivity.java:36)
at java.base/java.util.ArrayList.forEach(ArrayList.java:1540)
... Removed 33 stack frames]]>
    </failure>
  </testcase> <!-- DocumentRequest -->
</testsuite> <!-- DocumentRequestActivity -->
