<?xml version="1.0" encoding="UTF-8"?>
<testng-results ignored="0" total="3" passed="3" failed="0" skipped="0">
  <reporter-output>
  </reporter-output>
  <suite started-at="2023-07-19T22:38:41 IST" name="Suite" finished-at="2023-07-19T22:39:06 IST" duration-ms="24498">
    <groups>
    </groups>
    <test started-at="2023-07-19T22:38:41 IST" name="SearchTest" finished-at="2023-07-19T22:38:49 IST" duration-ms="7437">
      <class name="HomePageModule.SearchActivity">
        <test-method is-config="true" signature="initializeDriver(java.lang.String)[pri:0, instance:HomePageModule.SearchActivity@336f1079]" started-at="2023-07-19T22:38:41 IST" name="initializeDriver" finished-at="2023-07-19T22:38:45 IST" duration-ms="3211" status="PASS">
          <params>
            <param index="0">
              <value>
                <![CDATA[local]]>
              </value>
            </param>
          </params>
          <reporter-output>
          </reporter-output>
        </test-method> <!-- initializeDriver -->
        <test-method signature="search()[pri:0, instance:HomePageModule.SearchActivity@336f1079]" started-at="2023-07-19T22:38:45 IST" name="search" finished-at="2023-07-19T22:38:49 IST" duration-ms="4153" status="PASS">
          <reporter-output>
          </reporter-output>
        </test-method> <!-- search -->
        <test-method is-config="true" signature="closeDriver()[pri:0, instance:HomePageModule.SearchActivity@336f1079]" started-at="2023-07-19T22:38:49 IST" name="closeDriver" finished-at="2023-07-19T22:38:49 IST" duration-ms="22" status="PASS">
          <reporter-output>
          </reporter-output>
        </test-method> <!-- closeDriver -->
      </class> <!-- HomePageModule.SearchActivity -->
    </test> <!-- SearchTest -->
    <test started-at="2023-07-19T22:38:49 IST" name="topdeals" finished-at="2023-07-19T22:38:52 IST" duration-ms="2992">
      <class name="HomePageModule.TopDealsActivity">
        <test-method is-config="true" signature="initializeDriver(java.lang.String)[pri:0, instance:HomePageModule.TopDealsActivity@db57326]" started-at="2023-07-19T22:38:49 IST" name="initializeDriver" finished-at="2023-07-19T22:38:50 IST" duration-ms="1247" status="PASS">
          <params>
            <param index="0">
              <value>
                <![CDATA[local]]>
              </value>
            </param>
          </params>
          <reporter-output>
          </reporter-output>
        </test-method> <!-- initializeDriver -->
        <test-method signature="topdealspage()[pri:0, instance:HomePageModule.TopDealsActivity@db57326]" started-at="2023-07-19T22:38:50 IST" name="topdealspage" finished-at="2023-07-19T22:38:52 IST" duration-ms="1718" status="PASS">
          <reporter-output>
          </reporter-output>
        </test-method> <!-- topdealspage -->
        <test-method is-config="true" signature="closeDriver()[pri:0, instance:HomePageModule.TopDealsActivity@db57326]" started-at="2023-07-19T22:38:52 IST" name="closeDriver" finished-at="2023-07-19T22:38:52 IST" duration-ms="21" status="PASS">
          <reporter-output>
          </reporter-output>
        </test-method> <!-- closeDriver -->
      </class> <!-- HomePageModule.TopDealsActivity -->
    </test> <!-- topdeals -->
    <test started-at="2023-07-19T22:38:52 IST" name="AddToCartActivity" finished-at="2023-07-19T22:39:06 IST" duration-ms="13769">
      <class name="HomePageModule.AddToCartActivity">
        <test-method is-config="true" signature="initializeDriver(java.lang.String)[pri:0, instance:HomePageModule.AddToCartActivity@77d67cf3]" started-at="2023-07-19T22:38:52 IST" name="initializeDriver" finished-at="2023-07-19T22:38:53 IST" duration-ms="1243" status="PASS">
          <params>
            <param index="0">
              <value>
                <![CDATA[local]]>
              </value>
            </param>
          </params>
          <reporter-output>
          </reporter-output>
        </test-method> <!-- initializeDriver -->
        <test-method signature="Addtocart()[pri:0, instance:HomePageModule.AddToCartActivity@77d67cf3]" started-at="2023-07-19T22:38:53 IST" name="Addtocart" finished-at="2023-07-19T22:39:06 IST" duration-ms="12500" status="PASS">
          <reporter-output>
          </reporter-output>
        </test-method> <!-- Addtocart -->
        <test-method is-config="true" signature="closeDriver()[pri:0, instance:HomePageModule.AddToCartActivity@77d67cf3]" started-at="2023-07-19T22:39:06 IST" name="closeDriver" finished-at="2023-07-19T22:39:06 IST" duration-ms="19" status="PASS">
          <reporter-output>
          </reporter-output>
        </test-method> <!-- closeDriver -->
      </class> <!-- HomePageModule.AddToCartActivity -->
    </test> <!-- AddToCartActivity -->
  </suite> <!-- Suite -->
</testng-results>
